<?xml version="1.0" encoding="UTF-8"?>
<!-- Generated by org.testng.reporters.JUnitXMLReporter -->
<testsuite ignored="6" hostname="LAPTOP-HFMADL1V" failures="0" tests="1" name="Default test" time="13.896" errors="0" timestamp="2023-07-16T13:53:39 IST">
  <testcase classname="TestCases.UI_TestCases" name="TC_UITestCase_007" time="0.676"/>
  <testcase classname="TestCases.UI_TestCases" name="TC_UITestCase_004" time="0.0">
    <ignored/>
  </testcase> <!-- TC_UITestCase_004 -->
  <testcase classname="TestCases.UI_TestCases" name="TC_UITestCase_001" time="0.0">
    <ignored/>
  </testcase> <!-- TC_UITestCase_001 -->
  <testcase classname="TestCases.UI_TestCases" name="TC_UITestCase_003" time="0.0">
    <ignored/>
  </testcase> <!-- TC_UITestCase_003 -->
  <testcase classname="TestCases.UI_TestCases" name="TC_UITestCase_002" time="0.0">
    <ignored/>
  </testcase> <!-- TC_UITestCase_002 -->
  <testcase classname="TestCases.UI_TestCases" name="TC_UITestCase_005" time="0.0">
    <ignored/>
  </testcase> <!-- TC_UITestCase_005 -->
  <testcase classname="TestCases.UI_TestCases" name="TC_UITestCase_006" time="0.0">
    <ignored/>
  </testcase> <!-- TC_UITestCase_006 -->
</testsuite> <!-- Default test -->
