<?xml version="1.0" encoding="UTF-8"?>
<testng-results ignored="0" total="1" passed="1" failed="0" skipped="0">
  <reporter-output>
  </reporter-output>
  <suite started-at="2023-07-16T13:53:25 IST" name="Default suite" finished-at="2023-07-16T13:53:39 IST" duration-ms="13896">
    <groups>
    </groups>
    <test started-at="2023-07-16T13:53:25 IST" name="Default test" finished-at="2023-07-16T13:53:39 IST" duration-ms="13896">
      <class name="TestCases.UI_TestCases">
        <test-method is-config="true" signature="setup()[pri:0, instance:TestCases.UI_TestCases@30c15d8b]" started-at="2023-07-16T13:53:25 IST" name="setup" finished-at="2023-07-16T13:53:38 IST" duration-ms="12919" status="PASS">
          <reporter-output>
          </reporter-output>
        </test-method> <!-- setup -->
        <test-method signature="TC_UITestCase_007()[pri:0, instance:TestCases.UI_TestCases@30c15d8b]" started-at="2023-07-16T13:53:38 IST" name="TC_UITestCase_007" finished-at="2023-07-16T13:53:38 IST" duration-ms="676" status="PASS">
          <reporter-output>
          </reporter-output>
        </test-method> <!-- TC_UITestCase_007 -->
        <test-method is-config="true" signature="teardown()[pri:0, instance:TestCases.UI_TestCases@30c15d8b]" started-at="2023-07-16T13:53:38 IST" name="teardown" finished-at="2023-07-16T13:53:39 IST" duration-ms="265" status="PASS">
          <reporter-output>
          </reporter-output>
        </test-method> <!-- teardown -->
      </class> <!-- TestCases.UI_TestCases -->
    </test> <!-- Default test -->
  </suite> <!-- Default suite -->
</testng-results>
